<?xml version="1.0" encoding="UTF-8"?>
<!-- Generated by org.testng.reporters.JUnitReportReporter -->
<testsuite hostname="LIN-5CG0148J8Y" failures="0" tests="1" name="ApolloRunner.TestRunner" time="12.744" errors="0" timestamp="2024-04-18T09:10:44 IST" skipped="0">
  <testcase classname="ApolloRunner.TestRunner" name="runScenario" time="12.744"/>
</testsuite> <!-- ApolloRunner.TestRunner -->
